{
  "RSpec": {
    "coverage": {
      "/Users/aarongreenspan/turing/3module/4week/rales_engine/app/controllers/api/v1/associations/invoices_controller.rb": [
        1,
        null
      ],
      "/Users/aarongreenspan/turing/3module/4week/rales_engine/app/controllers/api/v1/associations/base_controller.rb": [
        1,
        1,
        null,
        1,
        29,
        null,
        null,
        1,
        null,
        1,
        29,
        null,
        null,
        1,
        29,
        16,
        null,
        13,
        null,
        null,
        null
      ],
      "/Users/aarongreenspan/turing/3module/4week/rales_engine/app/controllers/application_controller.rb": [
        1,
        null,
        1,
        1,
        1,
        null,
        null,
        null,
        1,
        null,
        1,
        null,
        null,
        null,
        null,
        null,
        null,
        null,
        76,
        null,
        null
      ],
      "/Users/aarongreenspan/turing/3module/4week/rales_engine/lib/application_responder.rb": [
        1,
        1,
        1,
        null,
        null,
        null,
        null,
        null
      ],
      "/Users/aarongreenspan/turing/3module/4week/rales_engine/app/controllers/api/v1/associations/merchants_controller.rb": [
        1,
        null
      ],
      "/Users/aarongreenspan/turing/3module/4week/rales_engine/app/models/merchant.rb": [
        1,
        1,
        1,
        null,
        1,
        6,
        null,
        null,
        1,
        8,
        null,
        null
      ],
      "/Users/aarongreenspan/turing/3module/4week/rales_engine/app/controllers/api/v1/associations/items_controller.rb": [
        1,
        null
      ],
      "/Users/aarongreenspan/turing/3module/4week/rales_engine/app/models/item.rb": [
        1,
        1,
        1,
        1,
        null,
        1,
        null,
        1,
        30,
        null,
        null
      ],
      "/Users/aarongreenspan/turing/3module/4week/rales_engine/app/controllers/api/v1/associations/customers_controller.rb": [
        1,
        null
      ],
      "/Users/aarongreenspan/turing/3module/4week/rales_engine/app/models/customer.rb": [
        1,
        1,
        1,
        null
      ],
      "/Users/aarongreenspan/turing/3module/4week/rales_engine/app/models/invoice.rb": [
        1,
        1,
        1,
        1,
        1,
        1,
        null,
        null,
        1,
        10,
        10,
        4,
        null,
        10,
        null,
        null,
        1,
        1,
        null,
        null,
        1,
        8,
        null,
        null
      ],
      "/Users/aarongreenspan/turing/3module/4week/rales_engine/app/controllers/api/v1/associations/invoice_items_controller.rb": [
        1,
        null
      ],
      "/Users/aarongreenspan/turing/3module/4week/rales_engine/app/models/invoice_item.rb": [
        1,
        1,
        1,
        null,
        1,
        null,
        1,
        38,
        null,
        null
      ],
      "/Users/aarongreenspan/turing/3module/4week/rales_engine/app/controllers/api/v1/associations/transactions_controller.rb": [
        1,
        null
      ],
      "/Users/aarongreenspan/turing/3module/4week/rales_engine/app/models/transaction.rb": [
        1,
        1,
        null
      ],
      "/Users/aarongreenspan/turing/3module/4week/rales_engine/app/controllers/api/v1/merchants_controller.rb": [
        1,
        1,
        null,
        1,
        1,
        null,
        null,
        1,
        1,
        null,
        null
      ],
      "/Users/aarongreenspan/turing/3module/4week/rales_engine/app/controllers/api/v1/items_controller.rb": [
        1,
        1,
        null,
        1,
        1,
        null,
        null,
        1,
        1,
        null,
        null
      ],
      "/Users/aarongreenspan/turing/3module/4week/rales_engine/app/controllers/api/v1/customers_controller.rb": [
        1,
        1,
        null,
        1,
        1,
        null,
        null,
        1,
        1,
        null,
        null
      ],
      "/Users/aarongreenspan/turing/3module/4week/rales_engine/app/controllers/api/v1/transactions_controller.rb": [
        1,
        1,
        null,
        1,
        1,
        null,
        null,
        1,
        1,
        null,
        null
      ],
      "/Users/aarongreenspan/turing/3module/4week/rales_engine/app/controllers/api/v1/invoices_controller.rb": [
        1,
        1,
        null,
        1,
        1,
        null,
        null,
        1,
        1,
        null,
        null
      ],
      "/Users/aarongreenspan/turing/3module/4week/rales_engine/app/controllers/api/v1/invoice_items_controller.rb": [
        1,
        1,
        null,
        1,
        1,
        null,
        null,
        1,
        1,
        null,
        null
      ],
      "/Users/aarongreenspan/turing/3module/4week/rales_engine/app/controllers/api/v1/finders/merchants_controller.rb": [
        1,
        null
      ],
      "/Users/aarongreenspan/turing/3module/4week/rales_engine/app/controllers/api/v1/finders/base_controller.rb": [
        1,
        1,
        1,
        null,
        1,
        23,
        null,
        null,
        1,
        18,
        null,
        null,
        1,
        null,
        1,
        41,
        null,
        null,
        1,
        41,
        41,
        null,
        null
      ],
      "/Users/aarongreenspan/turing/3module/4week/rales_engine/app/models/found_service.rb": [
        1,
        1,
        18,
        12,
        null,
        6,
        null,
        null,
        null,
        1,
        23,
        17,
        null,
        6,
        null,
        null,
        null,
        1,
        12,
        12,
        3,
        null,
        9,
        null,
        null,
        null,
        1,
        17,
        17,
        6,
        null,
        11,
        null,
        null,
        null
      ],
      "/Users/aarongreenspan/turing/3module/4week/rales_engine/app/controllers/api/v1/finders/items_controller.rb": [
        1,
        null
      ],
      "/Users/aarongreenspan/turing/3module/4week/rales_engine/app/controllers/api/v1/finders/customers_controller.rb": [
        1,
        null
      ],
      "/Users/aarongreenspan/turing/3module/4week/rales_engine/app/controllers/api/v1/finders/transactions_controller.rb": [
        1,
        null
      ],
      "/Users/aarongreenspan/turing/3module/4week/rales_engine/app/controllers/api/v1/finders/invoices_controller.rb": [
        1,
        null
      ],
      "/Users/aarongreenspan/turing/3module/4week/rales_engine/app/controllers/api/v1/finders/invoice_items_controller.rb": [
        1,
        null
      ],
      "/Users/aarongreenspan/turing/3module/4week/rales_engine/app/controllers/api/v1/revenues/merchants_controller.rb": [
        1,
        1,
        null,
        1,
        1,
        1,
        null,
        null,
        1,
        1,
        1,
        1,
        null,
        null
      ],
      "/Users/aarongreenspan/turing/3module/4week/rales_engine/app/controllers/api/v1/revenues/merchants_have_customers_controller.rb": [
        1,
        1,
        null,
        1,
        0,
        0,
        null,
        null,
        1,
        1,
        null,
        null,
        null,
        null,
        null,
        null,
        null,
        1,
        null,
        null
      ],
      "/Users/aarongreenspan/turing/3module/4week/rales_engine/app/controllers/api/v1/revenues/most_merchants_controller.rb": [
        1,
        1,
        null,
        1,
        1,
        2,
        null,
        2,
        null,
        null,
        1,
        null,
        null
      ],
      "/Users/aarongreenspan/turing/3module/4week/rales_engine/app/controllers/api/v1/randoms/merchants_controller.rb": [
        1,
        null
      ],
      "/Users/aarongreenspan/turing/3module/4week/rales_engine/app/controllers/api/v1/randoms/base_controller.rb": [
        1,
        1,
        null,
        1,
        6,
        null,
        null,
        1,
        null,
        1,
        6,
        null,
        null,
        1,
        6,
        null,
        null
      ],
      "/Users/aarongreenspan/turing/3module/4week/rales_engine/app/controllers/api/v1/randoms/items_controller.rb": [
        1,
        null
      ],
      "/Users/aarongreenspan/turing/3module/4week/rales_engine/app/controllers/api/v1/randoms/customers_controller.rb": [
        1,
        null
      ],
      "/Users/aarongreenspan/turing/3module/4week/rales_engine/app/controllers/api/v1/randoms/transactions_controller.rb": [
        1,
        null
      ],
      "/Users/aarongreenspan/turing/3module/4week/rales_engine/app/controllers/api/v1/randoms/invoices_controller.rb": [
        1,
        null
      ],
      "/Users/aarongreenspan/turing/3module/4week/rales_engine/app/controllers/api/v1/randoms/invoice_items_controller.rb": [
        1,
        null
      ],
      "/Users/aarongreenspan/turing/3module/4week/rales_engine/app/controllers/api/v1/revenues/base_controller.rb": [

      ],
      "/Users/aarongreenspan/turing/3module/4week/rales_engine/app/controllers/api/v1/revenues/customer_has_merchants_controller.rb": [
        0,
        0,
        0,
        0,
        0,
        0,
        0,
        0,
        0,
        0,
        0,
        0,
        0,
        0,
        0
      ],
      "/Users/aarongreenspan/turing/3module/4week/rales_engine/app/controllers/api/v1/revenues/most_items_by_sold_controller.rb": [
        0,
        0,
        0,
        0,
        0,
        0,
        0,
        0,
        0,
        0,
        0,
        0,
        0,
        0,
        0,
        0,
        0
      ],
      "/Users/aarongreenspan/turing/3module/4week/rales_engine/app/controllers/api/v1/revenues/most_revenue_items_controller.rb": [
        0,
        0,
        0,
        0,
        0,
        0,
        0,
        0,
        0,
        0,
        0,
        0,
        0,
        0,
        0
      ]
    },
    "timestamp": 1456354465
  }
}
