{
  "RSpec": {
    "coverage": {
      "/Users/aarongreenspan/turing/3module/4week/rales_engine/app/controllers/api/v1/associate_invoices_controller.rb": [
        1,
        1,
        null,
        1,
        null,
        1,
        9,
        null,
        null
      ],
      "/Users/aarongreenspan/turing/3module/4week/rales_engine/app/controllers/application_controller.rb": [
        1,
        null,
        1,
        1,
        1,
        null,
        null,
        null,
        1,
        null
      ],
      "/Users/aarongreenspan/turing/3module/4week/rales_engine/lib/application_responder.rb": [
        1,
        1,
        1,
        null,
        null,
        null,
        null,
        null
      ],
      "/Users/aarongreenspan/turing/3module/4week/rales_engine/app/services/association_helper.rb": [
        1,
        1,
        27,
        null,
        17,
        null,
        null,
        10,
        null,
        null,
        null,
        null,
        null,
        null,
        null,
        null,
        null,
        null,
        null
      ],
      "/Users/aarongreenspan/turing/3module/4week/rales_engine/app/controllers/api/v1/associate_merchants_controller.rb": [
        1,
        1,
        null,
        1,
        null,
        1,
        6,
        null,
        null
      ],
      "/Users/aarongreenspan/turing/3module/4week/rales_engine/app/models/merchant.rb": [
        1,
        1,
        1,
        null
      ],
      "/Users/aarongreenspan/turing/3module/4week/rales_engine/app/controllers/api/v1/associate_items_controller.rb": [
        1,
        1,
        null,
        1,
        null,
        1,
        5,
        null,
        null
      ],
      "/Users/aarongreenspan/turing/3module/4week/rales_engine/app/models/item.rb": [
        1,
        1,
        1,
        null,
        1,
        null,
        1,
        31,
        null,
        null,
        null
      ],
      "/Users/aarongreenspan/turing/3module/4week/rales_engine/app/controllers/api/v1/associate_customers_controller.rb": [
        1,
        1,
        null,
        1,
        null,
        1,
        3,
        null,
        null
      ],
      "/Users/aarongreenspan/turing/3module/4week/rales_engine/app/models/customer.rb": [
        1,
        1,
        1,
        null
      ],
      "/Users/aarongreenspan/turing/3module/4week/rales_engine/app/models/invoice.rb": [
        1,
        1,
        1,
        1,
        1,
        1,
        null
      ],
      "/Users/aarongreenspan/turing/3module/4week/rales_engine/app/controllers/api/v1/associate_invoice_items_controller.rb": [
        1,
        1,
        null,
        1,
        null,
        1,
        4,
        null,
        null
      ],
      "/Users/aarongreenspan/turing/3module/4week/rales_engine/app/models/invoice_item.rb": [
        1,
        1,
        1,
        null,
        1,
        null,
        1,
        28,
        null,
        null,
        null
      ],
      "/Users/aarongreenspan/turing/3module/4week/rales_engine/app/controllers/api/v1/merchants_controller.rb": [
        1,
        1,
        null,
        1,
        1,
        null,
        null,
        1,
        1,
        null,
        null
      ],
      "/Users/aarongreenspan/turing/3module/4week/rales_engine/app/controllers/api/v1/items_controller.rb": [
        1,
        1,
        null,
        1,
        1,
        null,
        null,
        1,
        1,
        null,
        null
      ],
      "/Users/aarongreenspan/turing/3module/4week/rales_engine/app/controllers/api/v1/customers_controller.rb": [
        1,
        1,
        null,
        1,
        1,
        null,
        null,
        1,
        1,
        null,
        null
      ],
      "/Users/aarongreenspan/turing/3module/4week/rales_engine/app/controllers/api/v1/transactions_controller.rb": [
        1,
        1,
        null,
        1,
        1,
        null,
        null,
        1,
        1,
        null,
        null
      ],
      "/Users/aarongreenspan/turing/3module/4week/rales_engine/app/models/transaction.rb": [
        1,
        1,
        null
      ],
      "/Users/aarongreenspan/turing/3module/4week/rales_engine/app/controllers/api/v1/invoices_controller.rb": [
        1,
        1,
        null,
        1,
        1,
        null,
        null,
        1,
        1,
        null,
        null
      ],
      "/Users/aarongreenspan/turing/3module/4week/rales_engine/app/controllers/api/v1/invoice_items_controller.rb": [
        1,
        1,
        null,
        1,
        1,
        null,
        null,
        1,
        1,
        null,
        null
      ],
      "/Users/aarongreenspan/turing/3module/4week/rales_engine/app/controllers/api/v1/found_merchants_controller.rb": [
        1,
        1,
        1,
        null,
        1,
        4,
        null,
        null,
        1,
        3,
        null,
        null,
        1,
        null,
        1,
        7,
        7,
        null,
        null,
        1,
        null,
        null
      ],
      "/Users/aarongreenspan/turing/3module/4week/rales_engine/app/services/found_helper.rb": [
        1,
        1,
        18,
        12,
        null,
        6,
        null,
        null,
        null,
        1,
        23,
        17,
        null,
        6,
        null,
        null,
        null,
        1,
        12,
        12,
        3,
        null,
        9,
        null,
        null,
        null,
        1,
        17,
        17,
        6,
        null,
        11,
        null,
        null,
        null
      ],
      "/Users/aarongreenspan/turing/3module/4week/rales_engine/app/controllers/api/v1/found_items_controller.rb": [
        1,
        1,
        1,
        null,
        1,
        4,
        null,
        null,
        1,
        3,
        null,
        null,
        1,
        null,
        1,
        7,
        7,
        null,
        null
      ],
      "/Users/aarongreenspan/turing/3module/4week/rales_engine/app/controllers/api/v1/found_customers_controller.rb": [
        1,
        1,
        1,
        null,
        1,
        4,
        null,
        null,
        1,
        3,
        null,
        null,
        1,
        null,
        1,
        7,
        7,
        null,
        null
      ],
      "/Users/aarongreenspan/turing/3module/4week/rales_engine/app/controllers/api/v1/found_transactions_controller.rb": [
        1,
        1,
        1,
        null,
        1,
        4,
        null,
        null,
        1,
        3,
        null,
        null,
        1,
        null,
        1,
        7,
        7,
        null,
        null
      ],
      "/Users/aarongreenspan/turing/3module/4week/rales_engine/app/controllers/api/v1/found_invoices_controller.rb": [
        1,
        1,
        1,
        null,
        1,
        4,
        null,
        null,
        1,
        3,
        null,
        null,
        1,
        null,
        1,
        7,
        7,
        null,
        null
      ],
      "/Users/aarongreenspan/turing/3module/4week/rales_engine/app/controllers/api/v1/found_invoice_items_controller.rb": [
        1,
        1,
        1,
        null,
        1,
        3,
        null,
        null,
        1,
        3,
        null,
        null,
        1,
        null,
        1,
        6,
        6,
        null,
        null
      ],
      "/Users/aarongreenspan/turing/3module/4week/rales_engine/app/controllers/api/v1/random_merchants_controller.rb": [
        1,
        1,
        1,
        null
      ],
      "/Users/aarongreenspan/turing/3module/4week/rales_engine/app/services/random_helper.rb": [
        1,
        1,
        6,
        null,
        null,
        1,
        null,
        1,
        6,
        null,
        null,
        1,
        null,
        null,
        null,
        null,
        null,
        null,
        null,
        6,
        null,
        null
      ],
      "/Users/aarongreenspan/turing/3module/4week/rales_engine/app/controllers/api/v1/random_items_controller.rb": [
        1,
        1,
        1,
        null
      ],
      "/Users/aarongreenspan/turing/3module/4week/rales_engine/app/controllers/api/v1/random_customers_controller.rb": [
        1,
        1,
        1,
        null
      ],
      "/Users/aarongreenspan/turing/3module/4week/rales_engine/app/controllers/api/v1/random_transactions_controller.rb": [
        1,
        1,
        1,
        null
      ],
      "/Users/aarongreenspan/turing/3module/4week/rales_engine/app/controllers/api/v1/random_invoices_controller.rb": [
        1,
        1,
        1,
        null
      ],
      "/Users/aarongreenspan/turing/3module/4week/rales_engine/app/controllers/api/v1/random_invoice_items_controller.rb": [
        1,
        1,
        1,
        null
      ],
      "/Users/aarongreenspan/turing/3module/4week/rales_engine/app/controllers/api/v1/associate_transactions_controller.rb": [
        0,
        0,
        0,
        0,
        0,
        0,
        0,
        0,
        0
      ],
      "/Users/aarongreenspan/turing/3module/4week/rales_engine/app/controllers/api/v1/revenue_merchants_controller.rb": [
        0,
        0,
        0,
        0,
        0,
        0,
        0,
        0,
        0,
        0,
        0,
        0,
        0,
        0
      ]
    },
    "timestamp": 1456277827
  }
}
